<?xml version="1.0" encoding="UTF-8"?>
<!-- Generated by org.testng.reporters.JUnitReportReporter -->
<testsuite hostname="jkabi" failures="0" tests="1" name="dynamicContents.DynamicContentTest" time="1.958" errors="0" timestamp="2025-01-26T11:48:04 EST" skipped="0">
  <testcase classname="dynamicContents.DynamicContentTest" name="testDynamicContent" time="1.958"/>
</testsuite> <!-- dynamicContents.DynamicContentTest -->
